threadID,sectionID,event,val,ts,ticket
id_140393545602880,main,BEGIN_FUNC_PROC,5,3,1573934058593492637,1
id_140393545602880,solicitarBicicleta,BEGIN_FUNC_PROC,5,3,1573934058593596175,2
id_140393545602880,solicitarBicicleta,END_FUNC_PROC,4,3,1573934058593608191,3
id_140393545602880,solicitarBicicleta,BEGIN_FUNC_PROC,4,3,1573934058593659414,4
id_140393545602880,solicitarBicicleta,END_FUNC_PROC,3,3,1573934058593669646,5
id_140393545602880,solicitarBicicleta,BEGIN_FUNC_PROC,3,3,1573934058593845670,6
id_140393545602880,solicitarBicicleta,END_FUNC_PROC,2,3,1573934058593862414,7
id_140393545602880,solicitarBicicleta,BEGIN_FUNC_PROC,2,3,1573934058593898497,8
id_140393545602880,solicitarBicicleta,END_FUNC_PROC,1,3,1573934058593909765,9
id_140393545602880,solicitarBicicleta,BEGIN_FUNC_PROC,1,3,1573934058593934633,10
id_140393545602880,solicitarBicicleta,END_FUNC_PROC,0,3,1573934058593945801,11
id_140393545602880,solicitarBicicleta,BEGIN_FUNC_PROC,0,3,1573934058593995433,12
id_140393545602880,solicitarBicicleta,BEGIN_FUNC_PROC,0,3,1573934058594171780,13
id_140393545602880,solicitarBicicleta,END_FUNC_PROC,0,3,1573934058594192080,14
id_140393545602880,solicitarBicicleta,BEGIN_FUNC_PROC,0,3,1573934058594234488,15
id_140393545602880,solicitarBicicleta,BEGIN_FUNC_PROC,0,3,1573934058594297750,16
id_140393545602880,solicitarBicicleta,BEGIN_FUNC_PROC,0,3,1573934058594331457,17
id_140393545602880,solicitarBicicleta,BEGIN_FUNC_PROC,0,3,1573934058594398804,18
id_140393545602880,solicitarBicicleta,BEGIN_FUNC_PROC,0,3,1573934058594470104,19
id_140393545602880,solicitarBicicleta,BEGIN_FUNC_PROC,0,3,1573934058594538503,20
id_140393545602880,solicitarBicicleta,END_FUNC_PROC,0,2,1573934058594596320,21
id_140393545602880,solicitarBicicleta,BEGIN_FUNC_PROC,0,2,1573934058594668273,22
id_140393545602880,solicitarBicicleta,BEGIN_FUNC_PROC,0,2,1573934058594739180,23
id_140393545602880,solicitarBicicleta,END_FUNC_PROC,0,2,1573934058594753394,24
id_140393545602880,solicitarBicicleta,BEGIN_FUNC_PROC,0,2,1573934058594816508,25
id_140393545602880,solicitarBicicleta,BEGIN_FUNC_PROC,0,2,1573934058594847869,26
id_140393545602880,solicitarBicicleta,BEGIN_FUNC_PROC,0,2,1573934058594873044,27
id_140393545602880,solicitarBicicleta,BEGIN_FUNC_PROC,0,2,1573934058594939459,28
id_140393545602880,solicitarBicicleta,BEGIN_FUNC_PROC,0,2,1573934058594976695,29
id_140393545602880,solicitarBicicleta,END_FUNC_PROC,0,1,1573934058595033162,30
id_140393545602880,devolverBicicleta,BEGIN_FUNC_PROC,0,1,1573934058609051079,31
id_140393545602880,devolverBicicleta,END_FUNC_PROC,1,1,1573934058609118145,32
id_140393545602880,solicitarBicicleta,END_FUNC_PROC,0,1,1573934058609148596,33
id_140393545602880,solicitarBicicleta,END_FUNC_PROC,0,1,1573934058609205974,34
id_140393545602880,solicitarBicicleta,END_FUNC_PROC,0,0,1573934058609426966,35
id_140393545602880,devolverBicicleta,BEGIN_FUNC_PROC,0,0,1573934058629351276,36
id_140393545602880,solicitarBicicleta,BEGIN_FUNC_PROC,0,0,1573934058630292591,37
id_140393545602880,devolverBicicleta,BEGIN_FUNC_PROC,0,0,1573934058636564781,38
id_140393545602880,devolverBicicleta,BEGIN_FUNC_PROC,0,0,1573934058644443583,39
id_140393545602880,devolverBicicleta,BEGIN_FUNC_PROC,0,0,1573934058671069357,40
id_140393545602880,devolverBicicleta,END_FUNC_PROC,1,0,1573934058671153573,41
id_140393545602880,solicitarBicicleta,END_FUNC_PROC,0,0,1573934058671194343,42
id_140393545602880,devolverBicicleta,BEGIN_FUNC_PROC,0,0,1573934058671321262,43
id_140393545602880,devolverBicicleta,END_FUNC_PROC,1,0,1573934058671363597,44
id_140393545602880,solicitarBicicleta,END_FUNC_PROC,0,0,1573934058671439817,45
id_140393545602880,devolverBicicleta,BEGIN_FUNC_PROC,0,0,1573934058676709478,46
id_140393545602880,devolverBicicleta,END_FUNC_PROC,1,0,1573934058676777097,47
id_140393545602880,solicitarBicicleta,END_FUNC_PROC,0,0,1573934058676818244,48
id_140393545602880,devolverBicicleta,BEGIN_FUNC_PROC,0,0,1573934058679812598,49
id_140393545602880,devolverBicicleta,END_FUNC_PROC,1,0,1573934058679870228,50
id_140393545602880,solicitarBicicleta,END_FUNC_PROC,0,0,1573934058679925816,51
id_140393545602880,devolverBicicleta,BEGIN_FUNC_PROC,0,0,1573934058680737124,52
id_140393545602880,devolverBicicleta,END_FUNC_PROC,0,1,1573934058680793628,53
id_140393545602880,devolverBicicleta,END_FUNC_PROC,0,1,1573934058680843203,54
id_140393545602880,solicitarBicicleta,END_FUNC_PROC,0,1,1573934058681034522,55
id_140393545602880,solicitarBicicleta,END_FUNC_PROC,0,0,1573934058681111697,56
id_140393545602880,devolverBicicleta,BEGIN_FUNC_PROC,0,0,1573934058686913636,57
id_140393545602880,devolverBicicleta,END_FUNC_PROC,0,1,1573934058686958384,58
id_140393545602880,devolverBicicleta,END_FUNC_PROC,0,1,1573934058687030325,59
id_140393545602880,solicitarBicicleta,END_FUNC_PROC,0,1,1573934058687111134,60
id_140393545602880,devolverBicicleta,BEGIN_FUNC_PROC,0,1,1573934058687230126,61
id_140393545602880,devolverBicicleta,END_FUNC_PROC,1,1,1573934058687268141,62
id_140393545602880,solicitarBicicleta,END_FUNC_PROC,1,0,1573934058687345369,63
id_140393545602880,solicitarBicicleta,END_FUNC_PROC,0,0,1573934058687440442,64
id_140393545602880,devolverBicicleta,BEGIN_FUNC_PROC,0,0,1573934058691167237,65
id_140393545602880,devolverBicicleta,END_FUNC_PROC,1,0,1573934058691216720,66
id_140393545602880,solicitarBicicleta,BEGIN_FUNC_PROC,1,0,1573934058693654329,67
id_140393545602880,solicitarBicicleta,END_FUNC_PROC,0,0,1573934058693694683,68
id_140393545602880,solicitarBicicleta,BEGIN_FUNC_PROC,0,0,1573934058697562880,69
id_140393545602880,devolverBicicleta,BEGIN_FUNC_PROC,0,0,1573934058699627859,70
id_140393545602880,devolverBicicleta,END_FUNC_PROC,0,1,1573934058699669944,71
id_140393545602880,devolverBicicleta,END_FUNC_PROC,0,1,1573934058699729195,72
id_140393545602880,solicitarBicicleta,BEGIN_FUNC_PROC,0,1,1573934058702981865,73
id_140393545602880,solicitarBicicleta,END_FUNC_PROC,0,1,1573934058703017744,74
id_140393545602880,solicitarBicicleta,END_FUNC_PROC,0,0,1573934058703087635,75
id_140393545602880,devolverBicicleta,BEGIN_FUNC_PROC,0,0,1573934058710225935,76
id_140393545602880,devolverBicicleta,BEGIN_FUNC_PROC,0,0,1573934058710292003,77
id_140393545602880,devolverBicicleta,BEGIN_FUNC_PROC,0,0,1573934058711618308,78
id_140393545602880,devolverBicicleta,END_FUNC_PROC,1,0,1573934058711649308,79
id_140393545602880,solicitarBicicleta,BEGIN_FUNC_PROC,1,0,1573934058716139018,80
id_140393545602880,solicitarBicicleta,END_FUNC_PROC,0,0,1573934058716178322,81
id_140393545602880,devolverBicicleta,BEGIN_FUNC_PROC,0,0,1573934058716259412,82
id_140393545602880,devolverBicicleta,END_FUNC_PROC,1,0,1573934058716291018,83
id_140393545602880,devolverBicicleta,BEGIN_FUNC_PROC,1,0,1573934058716719304,84
id_140393545602880,devolverBicicleta,END_FUNC_PROC,2,0,1573934058716762836,85
id_140393545602880,solicitarBicicleta,BEGIN_FUNC_PROC,2,0,1573934058717075951,86
id_140393545602880,solicitarBicicleta,END_FUNC_PROC,1,0,1573934058717106289,87
id_140393545602880,devolverBicicleta,BEGIN_FUNC_PROC,1,0,1573934058722539036,88
id_140393545602880,devolverBicicleta,END_FUNC_PROC,1,1,1573934058722590811,89
id_140393545602880,devolverBicicleta,END_FUNC_PROC,1,1,1573934058722662087,90
id_140393545602880,devolverBicicleta,BEGIN_FUNC_PROC,1,1,1573934058727560105,91
id_140393545602880,devolverBicicleta,END_FUNC_PROC,2,1,1573934058727603638,92
id_140393545602880,solicitarBicicleta,BEGIN_FUNC_PROC,2,1,1573934058730364660,93
id_140393545602880,solicitarBicicleta,END_FUNC_PROC,1,1,1573934058730403754,94
id_140393545602880,devolverBicicleta,BEGIN_FUNC_PROC,1,1,1573934058734445740,95
id_140393545602880,devolverBicicleta,END_FUNC_PROC,2,1,1573934058734489051,96
id_140393545602880,solicitarBicicleta,BEGIN_FUNC_PROC,2,1,1573934058742018348,97
id_140393545602880,solicitarBicicleta,END_FUNC_PROC,1,1,1573934058742063023,98
id_140393545602880,solicitarBicicleta,BEGIN_FUNC_PROC,1,1,1573934058743997068,99
id_140393545602880,solicitarBicicleta,END_FUNC_PROC,0,1,1573934058744042989,100
id_140393545602880,solicitarBicicleta,BEGIN_FUNC_PROC,0,1,1573934058745974118,101
id_140393545602880,solicitarBicicleta,BEGIN_FUNC_PROC,0,1,1573934058748314905,102
id_140393545602880,solicitarBicicleta,END_FUNC_PROC,0,1,1573934058748374058,103
id_140393545602880,solicitarBicicleta,END_FUNC_PROC,0,0,1573934058748452977,104
id_140393545602880,devolverBicicleta,BEGIN_FUNC_PROC,0,0,1573934058749207144,105
id_140393545602880,devolverBicicleta,END_FUNC_PROC,1,0,1573934058749258006,106
id_140393545602880,solicitarBicicleta,BEGIN_FUNC_PROC,1,0,1573934058749375969,107
id_140393545602880,solicitarBicicleta,END_FUNC_PROC,0,0,1573934058749410772,108
id_140393545602880,solicitarBicicleta,BEGIN_FUNC_PROC,0,0,1573934058749530400,109
id_140393545602880,solicitarBicicleta,BEGIN_FUNC_PROC,0,0,1573934058754513101,110
id_140393545602880,solicitarBicicleta,BEGIN_FUNC_PROC,0,0,1573934058757990580,111
id_140393545602880,solicitarBicicleta,BEGIN_FUNC_PROC,0,0,1573934058758608566,112
id_140393545602880,devolverBicicleta,BEGIN_FUNC_PROC,0,0,1573934058759363719,113
id_140393545602880,devolverBicicleta,END_FUNC_PROC,1,0,1573934058759437449,114
id_140393545602880,solicitarBicicleta,END_FUNC_PROC,0,0,1573934058759483543,115
id_140393545602880,devolverBicicleta,BEGIN_FUNC_PROC,0,0,1573934058761898743,116
id_140393545602880,devolverBicicleta,BEGIN_FUNC_PROC,0,0,1573934058763332275,117
id_140393545602880,devolverBicicleta,END_FUNC_PROC,0,1,1573934058763393376,118
id_140393545602880,devolverBicicleta,END_FUNC_PROC,0,1,1573934058763451337,119
id_140393545602880,solicitarBicicleta,END_FUNC_PROC,0,1,1573934058763548429,120
id_140393545602880,solicitarBicicleta,END_FUNC_PROC,0,0,1573934058763616910,121
id_140393545602880,devolverBicicleta,BEGIN_FUNC_PROC,0,0,1573934058766266460,122
id_140393545602880,devolverBicicleta,END_FUNC_PROC,1,0,1573934058766327564,123
id_140393545602880,solicitarBicicleta,END_FUNC_PROC,0,0,1573934058766397931,124
id_140393545602880,devolverBicicleta,BEGIN_FUNC_PROC,0,0,1573934058767559341,125
id_140393545602880,devolverBicicleta,END_FUNC_PROC,1,0,1573934058767596916,126
id_140393545602880,solicitarBicicleta,BEGIN_FUNC_PROC,1,0,1573934058767785747,127
id_140393545602880,solicitarBicicleta,END_FUNC_PROC,0,0,1573934058767820445,128
id_140393545602880,solicitarBicicleta,BEGIN_FUNC_PROC,0,0,1573934058768973747,129
id_140393545602880,devolverBicicleta,BEGIN_FUNC_PROC,0,0,1573934058770217891,130
id_140393545602880,devolverBicicleta,BEGIN_FUNC_PROC,0,0,1573934058771791781,131
id_140393545602880,devolverBicicleta,END_FUNC_PROC,1,0,1573934058771855336,132
id_140393545602880,solicitarBicicleta,END_FUNC_PROC,0,0,1573934058771885779,133
id_140393545602880,solicitarBicicleta,BEGIN_FUNC_PROC,0,0,1573934058775863883,134
id_140393545602880,devolverBicicleta,BEGIN_FUNC_PROC,0,0,1573934058790305443,135
id_140393545602880,devolverBicicleta,END_FUNC_PROC,1,0,1573934058790368965,136
id_140393545602880,solicitarBicicleta,END_FUNC_PROC,0,0,1573934058790399182,137
id_140393545602880,solicitarBicicleta,BEGIN_FUNC_PROC,0,0,1573934058793032246,138
id_140393545602880,solicitarBicicleta,BEGIN_FUNC_PROC,0,0,1573934058795770271,139
id_140393545602880,devolverBicicleta,BEGIN_FUNC_PROC,0,0,1573934058796417828,140
id_140393545602880,devolverBicicleta,END_FUNC_PROC,0,1,1573934058796494491,141
id_140393545602880,devolverBicicleta,END_FUNC_PROC,0,1,1573934058796566722,142
id_140393545602880,solicitarBicicleta,END_FUNC_PROC,0,1,1573934058796701326,143
id_140393545602880,solicitarBicicleta,END_FUNC_PROC,0,0,1573934058796766303,144
id_140393545602880,solicitarBicicleta,BEGIN_FUNC_PROC,0,0,1573934058799237322,145
id_140393545602880,devolverBicicleta,BEGIN_FUNC_PROC,0,0,1573934058808324013,146
id_140393545602880,devolverBicicleta,END_FUNC_PROC,1,0,1573934058808387610,147
id_140393545602880,solicitarBicicleta,END_FUNC_PROC,0,0,1573934058808417374,148
id_140393545602880,solicitarBicicleta,BEGIN_FUNC_PROC,0,0,1573934058809881200,149
id_140393545602880,solicitarBicicleta,BEGIN_FUNC_PROC,0,0,1573934058811903453,150
id_140393545602880,devolverBicicleta,BEGIN_FUNC_PROC,0,0,1573934058815856465,151
id_140393545602880,devolverBicicleta,END_FUNC_PROC,1,0,1573934058815920213,152
id_140393545602880,solicitarBicicleta,END_FUNC_PROC,0,0,1573934058816004184,153
id_140393545602880,devolverBicicleta,BEGIN_FUNC_PROC,0,0,1573934058818565020,154
id_140393545602880,devolverBicicleta,END_FUNC_PROC,0,1,1573934058818630566,155
id_140393545602880,devolverBicicleta,END_FUNC_PROC,0,1,1573934058818704437,156
id_140393545602880,devolverBicicleta,BEGIN_FUNC_PROC,0,1,1573934058821211728,157
id_140393545602880,solicitarBicicleta,BEGIN_FUNC_PROC,0,1,1573934058825972589,158
id_140393545602880,solicitarBicicleta,END_FUNC_PROC,0,1,1573934058826028399,159
id_140393545602880,solicitarBicicleta,END_FUNC_PROC,0,0,1573934058826103282,160
id_140393545602880,solicitarBicicleta,BEGIN_FUNC_PROC,0,0,1573934058826214812,161
id_140393545602880,devolverBicicleta,BEGIN_FUNC_PROC,0,0,1573934058830311143,162
id_140393545602880,devolverBicicleta,END_FUNC_PROC,1,0,1573934058830372516,163
id_140393545602880,solicitarBicicleta,END_FUNC_PROC,0,0,1573934058830449969,164
id_140393545602880,solicitarBicicleta,BEGIN_FUNC_PROC,0,0,1573934058832951165,165
id_140393545602880,devolverBicicleta,BEGIN_FUNC_PROC,0,0,1573934058833732269,166
id_140393545602880,devolverBicicleta,BEGIN_FUNC_PROC,0,0,1573934058836609965,167
id_140393545602880,devolverBicicleta,END_FUNC_PROC,1,0,1573934058836656785,168
id_140393545602880,solicitarBicicleta,END_FUNC_PROC,0,0,1573934058836728539,169
id_140393545602880,solicitarBicicleta,BEGIN_FUNC_PROC,0,0,1573934058836837891,170
id_140393545602880,solicitarBicicleta,BEGIN_FUNC_PROC,0,0,1573934058839654719,171
id_140393545602880,devolverBicicleta,BEGIN_FUNC_PROC,0,0,1573934058840761819,172
id_140393545602880,devolverBicicleta,END_FUNC_PROC,1,0,1573934058840827458,173
id_140393545602880,solicitarBicicleta,END_FUNC_PROC,0,0,1573934058840906978,174
id_140393545602880,solicitarBicicleta,BEGIN_FUNC_PROC,0,0,1573934058845120327,175
id_140393545602880,solicitarBicicleta,BEGIN_FUNC_PROC,0,0,1573934058847730044,176
id_140393545602880,devolverBicicleta,BEGIN_FUNC_PROC,0,0,1573934058852193775,177
id_140393545602880,devolverBicicleta,END_FUNC_PROC,1,0,1573934058852265248,178
id_140393545602880,solicitarBicicleta,END_FUNC_PROC,0,0,1573934058852301512,179
id_140393545602880,solicitarBicicleta,BEGIN_FUNC_PROC,0,0,1573934058852950956,180
id_140393545602880,devolverBicicleta,BEGIN_FUNC_PROC,0,0,1573934058853826659,181
id_140393545602880,devolverBicicleta,END_FUNC_PROC,0,1,1573934058853880719,182
id_140393545602880,devolverBicicleta,END_FUNC_PROC,0,1,1573934058853945896,183
id_140393545602880,solicitarBicicleta,END_FUNC_PROC,0,1,1573934058854110343,184
id_140393545602880,solicitarBicicleta,END_FUNC_PROC,0,0,1573934058854173514,185
id_140393545602880,devolverBicicleta,BEGIN_FUNC_PROC,0,0,1573934058855524655,186
id_140393545602880,devolverBicicleta,END_FUNC_PROC,1,0,1573934058855568220,187
id_140393545602880,solicitarBicicleta,END_FUNC_PROC,0,0,1573934058855636151,188
id_140393545602880,devolverBicicleta,BEGIN_FUNC_PROC,0,0,1573934058860054944,189
id_140393545602880,devolverBicicleta,END_FUNC_PROC,0,1,1573934058860117210,190
id_140393545602880,devolverBicicleta,END_FUNC_PROC,0,1,1573934058860190704,191
id_140393545602880,solicitarBicicleta,BEGIN_FUNC_PROC,0,1,1573934058861127722,192
id_140393545602880,devolverBicicleta,BEGIN_FUNC_PROC,0,1,1573934058869505756,193
id_140393545602880,solicitarBicicleta,BEGIN_FUNC_PROC,0,1,1573934058880680486,194
id_140393545602880,solicitarBicicleta,END_FUNC_PROC,0,1,1573934058880739647,195
id_140393545602880,solicitarBicicleta,END_FUNC_PROC,0,0,1573934058880818986,196
id_140393545602880,solicitarBicicleta,BEGIN_FUNC_PROC,0,0,1573934058885887755,197
id_140393545602880,devolverBicicleta,BEGIN_FUNC_PROC,0,0,1573934058886366660,198
id_140393545602880,devolverBicicleta,BEGIN_FUNC_PROC,0,0,1573934058890168039,199
id_140393545602880,devolverBicicleta,END_FUNC_PROC,0,1,1573934058890235793,200
id_140393545602880,devolverBicicleta,END_FUNC_PROC,0,1,1573934058890305268,201
id_140393545602880,devolverBicicleta,BEGIN_FUNC_PROC,0,1,1573934058890528211,202
id_140393545602880,devolverBicicleta,END_FUNC_PROC,1,1,1573934058890552013,203
id_140393545602880,solicitarBicicleta,END_FUNC_PROC,0,1,1573934058890620165,204
id_140393545602880,devolverBicicleta,BEGIN_FUNC_PROC,0,1,1573934058893166286,205
id_140393545602880,solicitarBicicleta,BEGIN_FUNC_PROC,0,1,1573934058899604466,206
id_140393545602880,solicitarBicicleta,BEGIN_FUNC_PROC,0,1,1573934058903832734,207
id_140393545602880,solicitarBicicleta,END_FUNC_PROC,0,1,1573934058903892988,208
id_140393545602880,solicitarBicicleta,END_FUNC_PROC,0,0,1573934058903970602,209
id_140393545602880,solicitarBicicleta,BEGIN_FUNC_PROC,0,0,1573934058905090044,210
id_140393545602880,devolverBicicleta,BEGIN_FUNC_PROC,0,0,1573934058907063972,211
id_140393545602880,devolverBicicleta,END_FUNC_PROC,0,1,1573934058907131576,212
id_140393545602880,devolverBicicleta,END_FUNC_PROC,0,1,1573934058907205401,213
id_140393545602880,solicitarBicicleta,BEGIN_FUNC_PROC,0,1,1573934058908329711,214
id_140393545602880,solicitarBicicleta,END_FUNC_PROC,0,1,1573934058908387620,215
id_140393545602880,solicitarBicicleta,END_FUNC_PROC,0,0,1573934058908460319,216
id_140393545602880,devolverBicicleta,BEGIN_FUNC_PROC,0,0,1573934058909611433,217
id_140393545602880,devolverBicicleta,BEGIN_FUNC_PROC,0,0,1573934058912932818,218
id_140393545602880,devolverBicicleta,END_FUNC_PROC,1,0,1573934058912972050,219
id_140393545602880,solicitarBicicleta,BEGIN_FUNC_PROC,1,0,1573934058915165648,220
id_140393545602880,solicitarBicicleta,END_FUNC_PROC,0,0,1573934058915199922,221
id_140393545602880,solicitarBicicleta,BEGIN_FUNC_PROC,0,0,1573934058915875668,222
id_140393545602880,devolverBicicleta,BEGIN_FUNC_PROC,0,0,1573934058917656470,223
id_140393545602880,devolverBicicleta,END_FUNC_PROC,1,0,1573934058917715683,224
id_140393545602880,solicitarBicicleta,END_FUNC_PROC,0,0,1573934058917802771,225
id_140393545602880,solicitarBicicleta,BEGIN_FUNC_PROC,0,0,1573934058918987474,226
id_140393545602880,solicitarBicicleta,BEGIN_FUNC_PROC,0,0,1573934058928775125,227
id_140393545602880,devolverBicicleta,BEGIN_FUNC_PROC,0,0,1573934058929403452,228
id_140393545602880,devolverBicicleta,END_FUNC_PROC,1,0,1573934058929471972,229
id_140393545602880,solicitarBicicleta,END_FUNC_PROC,0,0,1573934058929542661,230
id_140393545602880,solicitarBicicleta,BEGIN_FUNC_PROC,0,0,1573934058929711309,231
id_140393545602880,devolverBicicleta,BEGIN_FUNC_PROC,0,0,1573934058930788954,232
id_140393545602880,devolverBicicleta,END_FUNC_PROC,1,0,1573934058930833829,233
id_140393545602880,solicitarBicicleta,END_FUNC_PROC,0,0,1573934058930908724,234
id_140393545602880,devolverBicicleta,BEGIN_FUNC_PROC,0,0,1573934058931844896,235
id_140393545602880,devolverBicicleta,END_FUNC_PROC,1,0,1573934058931890750,236
id_140393545602880,solicitarBicicleta,END_FUNC_PROC,0,0,1573934058931973030,237
id_140393545602880,devolverBicicleta,BEGIN_FUNC_PROC,0,0,1573934058932493265,238
id_140393545602880,devolverBicicleta,END_FUNC_PROC,1,0,1573934058932544708,239
id_140393545602880,solicitarBicicleta,BEGIN_FUNC_PROC,1,0,1573934058936691756,240
id_140393545602880,solicitarBicicleta,END_FUNC_PROC,0,0,1573934058936738769,241
id_140393545602880,devolverBicicleta,BEGIN_FUNC_PROC,0,0,1573934058938196656,242
id_140393545602880,devolverBicicleta,BEGIN_FUNC_PROC,0,0,1573934058953359647,243
id_140393545602880,devolverBicicleta,END_FUNC_PROC,0,1,1573934058953418539,244
id_140393545602880,devolverBicicleta,END_FUNC_PROC,0,1,1573934058953502585,245
id_140393545602880,devolverBicicleta,BEGIN_FUNC_PROC,0,1,1573934058969938401,246
id_140393545602880,devolverBicicleta,END_FUNC_PROC,1,1,1573934058969989076,247
id_140393545602880,solicitarBicicleta,BEGIN_FUNC_PROC,1,1,1573934058972868963,248
id_140393545602880,solicitarBicicleta,END_FUNC_PROC,0,1,1573934058972914709,249
id_140393545602880,solicitarBicicleta,BEGIN_FUNC_PROC,0,1,1573934058972996418,250
id_140393545602880,devolverBicicleta,BEGIN_FUNC_PROC,0,1,1573934058974092960,251
id_140393545602880,devolverBicicleta,END_FUNC_PROC,0,2,1573934058974138345,252
id_140393545602880,devolverBicicleta,END_FUNC_PROC,0,2,1573934058974218564,253
id_140393545602880,solicitarBicicleta,BEGIN_FUNC_PROC,0,2,1573934058974323001,254
id_140393545602880,solicitarBicicleta,END_FUNC_PROC,0,2,1573934058974342634,255
id_140393545602880,solicitarBicicleta,END_FUNC_PROC,0,1,1573934058974410785,256
id_140393545602880,solicitarBicicleta,BEGIN_FUNC_PROC,0,1,1573934058976655994,257
id_140393545602880,devolverBicicleta,BEGIN_FUNC_PROC,0,1,1573934058980957082,258
id_140393545602880,devolverBicicleta,END_FUNC_PROC,1,1,1573934058981015733,259
id_140393545602880,solicitarBicicleta,END_FUNC_PROC,0,1,1573934058981092872,260
id_140393545602880,solicitarBicicleta,BEGIN_FUNC_PROC,0,1,1573934058984464190,261
id_140393545602880,solicitarBicicleta,BEGIN_FUNC_PROC,0,1,1573934058985350237,262
id_140393545602880,solicitarBicicleta,END_FUNC_PROC,0,1,1573934058985393842,263
id_140393545602880,solicitarBicicleta,END_FUNC_PROC,0,0,1573934058985473630,264
id_140393545602880,solicitarBicicleta,BEGIN_FUNC_PROC,0,0,1573934058985658229,265
id_140393545602880,devolverBicicleta,BEGIN_FUNC_PROC,0,0,1573934058985730822,266
id_140393545602880,devolverBicicleta,END_FUNC_PROC,1,0,1573934058985754697,267
id_140393545602880,solicitarBicicleta,END_FUNC_PROC,0,0,1573934058985822626,268
id_140393545602880,devolverBicicleta,BEGIN_FUNC_PROC,0,0,1573934058990306985,269
id_140393545602880,devolverBicicleta,END_FUNC_PROC,1,0,1573934058990358306,270
id_140393545602880,solicitarBicicleta,BEGIN_FUNC_PROC,1,0,1573934058991486406,271
id_140393545602880,solicitarBicicleta,END_FUNC_PROC,0,0,1573934058991530645,272
id_140393545602880,solicitarBicicleta,BEGIN_FUNC_PROC,0,0,1573934058993941039,273
id_140393545602880,devolverBicicleta,BEGIN_FUNC_PROC,0,0,1573934058997446958,274
id_140393545602880,devolverBicicleta,END_FUNC_PROC,1,0,1573934058997510381,275
id_140393545602880,solicitarBicicleta,END_FUNC_PROC,0,0,1573934058997539865,276
id_140393545602880,devolverBicicleta,BEGIN_FUNC_PROC,0,0,1573934059003989187,277
id_140393545602880,devolverBicicleta,END_FUNC_PROC,1,0,1573934059004038705,278
id_140393545602880,devolverBicicleta,BEGIN_FUNC_PROC,1,0,1573934059004081333,279
id_140393545602880,devolverBicicleta,END_FUNC_PROC,2,0,1573934059004119584,280
id_140393545602880,devolverBicicleta,BEGIN_FUNC_PROC,2,0,1573934059005885983,281
id_140393545602880,devolverBicicleta,END_FUNC_PROC,2,1,1573934059005946989,282
id_140393545602880,devolverBicicleta,END_FUNC_PROC,2,1,1573934059006025109,283
id_140393545602880,solicitarBicicleta,BEGIN_FUNC_PROC,2,1,1573934059010001361,284
id_140393545602880,solicitarBicicleta,END_FUNC_PROC,1,1,1573934059010045736,285
id_140393545602880,solicitarBicicleta,BEGIN_FUNC_PROC,1,1,1573934059011035079,286
id_140393545602880,solicitarBicicleta,END_FUNC_PROC,0,1,1573934059011069059,287
id_140393545602880,devolverBicicleta,BEGIN_FUNC_PROC,0,1,1573934059012782737,288
id_140393545602880,devolverBicicleta,BEGIN_FUNC_PROC,0,1,1573934059017374031,289
id_140393545602880,devolverBicicleta,END_FUNC_PROC,1,1,1573934059017422115,290
id_140393545602880,solicitarBicicleta,BEGIN_FUNC_PROC,1,1,1573934059021975733,291
id_140393545602880,solicitarBicicleta,END_FUNC_PROC,0,1,1573934059022037206,292
id_140393545602880,solicitarBicicleta,BEGIN_FUNC_PROC,0,1,1573934059023495686,293
id_140393545602880,devolverBicicleta,BEGIN_FUNC_PROC,0,1,1573934059025432145,294
id_140393545602880,devolverBicicleta,END_FUNC_PROC,1,1,1573934059025494543,295
id_140393545602880,solicitarBicicleta,END_FUNC_PROC,0,1,1573934059025623295,296
id_140393545602880,solicitarBicicleta,BEGIN_FUNC_PROC,0,1,1573934059030079852,297
id_140393545602880,solicitarBicicleta,BEGIN_FUNC_PROC,0,1,1573934059034239788,298
id_140393545602880,solicitarBicicleta,END_FUNC_PROC,0,1,1573934059034297911,299
id_140393545602880,solicitarBicicleta,END_FUNC_PROC,0,0,1573934059034384052,300
id_140393545602880,solicitarBicicleta,BEGIN_FUNC_PROC,0,0,1573934059041961204,301
id_140393545602880,devolverBicicleta,BEGIN_FUNC_PROC,0,0,1573934059042608662,302
id_140393545602880,devolverBicicleta,BEGIN_FUNC_PROC,0,0,1573934059043390740,303
id_140393545602880,devolverBicicleta,END_FUNC_PROC,1,0,1573934059043452020,304
id_140393545602880,solicitarBicicleta,BEGIN_FUNC_PROC,1,0,1573934059043521024,305
id_140393545602880,solicitarBicicleta,END_FUNC_PROC,0,0,1573934059043554991,306
id_140393545602880,solicitarBicicleta,BEGIN_FUNC_PROC,0,0,1573934059044862839,307
id_140393545602880,devolverBicicleta,BEGIN_FUNC_PROC,0,0,1573934059045676136,308
id_140393545602880,solicitarBicicleta,BEGIN_FUNC_PROC,0,0,1573934059046775542,309
id_140393545602880,devolverBicicleta,BEGIN_FUNC_PROC,0,0,1573934059052898035,310
id_140393545602880,devolverBicicleta,END_FUNC_PROC,0,1,1573934059052974647,311
id_140393545602880,devolverBicicleta,END_FUNC_PROC,0,1,1573934059053041883,312
id_140393545602880,solicitarBicicleta,END_FUNC_PROC,0,1,1573934059053154290,313
id_140393545602880,solicitarBicicleta,END_FUNC_PROC,0,0,1573934059053324940,314
id_140393545602880,devolverBicicleta,BEGIN_FUNC_PROC,0,0,1573934059055790080,315
id_140393545602880,devolverBicicleta,END_FUNC_PROC,0,1,1573934059055854825,316
id_140393545602880,devolverBicicleta,END_FUNC_PROC,0,1,1573934059055928455,317
id_140393545602880,solicitarBicicleta,BEGIN_FUNC_PROC,0,1,1573934059056120090,318
id_140393545602880,solicitarBicicleta,END_FUNC_PROC,0,1,1573934059056155638,319
id_140393545602880,solicitarBicicleta,END_FUNC_PROC,0,0,1573934059056227456,320
id_140393545602880,solicitarBicicleta,BEGIN_FUNC_PROC,0,0,1573934059058672433,321
id_140393545602880,solicitarBicicleta,BEGIN_FUNC_PROC,0,0,1573934059062740439,322
id_140393545602880,devolverBicicleta,BEGIN_FUNC_PROC,0,0,1573934059071645603,323
id_140393545602880,solicitarBicicleta,BEGIN_FUNC_PROC,0,0,1573934059071774959,324
id_140393545602880,devolverBicicleta,BEGIN_FUNC_PROC,0,0,1573934059076704252,325
id_140393545602880,devolverBicicleta,END_FUNC_PROC,0,1,1573934059076790697,326
id_140393545602880,devolverBicicleta,END_FUNC_PROC,0,1,1573934059076829217,327
id_140393545602880,solicitarBicicleta,END_FUNC_PROC,0,1,1573934059076899273,328
id_140393545602880,solicitarBicicleta,END_FUNC_PROC,0,0,1573934059077012951,329
id_140393545602880,devolverBicicleta,BEGIN_FUNC_PROC,0,0,1573934059077450500,330
id_140393545602880,devolverBicicleta,BEGIN_FUNC_PROC,0,0,1573934059077701752,331
id_140393545602880,devolverBicicleta,END_FUNC_PROC,1,0,1573934059077744703,332
id_140393545602880,solicitarBicicleta,END_FUNC_PROC,0,0,1573934059077818179,333
id_140393545602880,devolverBicicleta,BEGIN_FUNC_PROC,0,0,1573934059081166575,334
id_140393545602880,devolverBicicleta,END_FUNC_PROC,1,0,1573934059081218081,335
id_140393545602880,devolverBicicleta,BEGIN_FUNC_PROC,1,0,1573934059083242888,336
id_140393545602880,devolverBicicleta,END_FUNC_PROC,2,0,1573934059083294051,337
id_140393545602880,devolverBicicleta,BEGIN_FUNC_PROC,2,0,1573934059083720910,338
id_140393545602880,devolverBicicleta,END_FUNC_PROC,3,0,1573934059083742099,339
id_140393545602880,solicitarBicicleta,BEGIN_FUNC_PROC,3,0,1573934059087415957,340
id_140393545602880,solicitarBicicleta,END_FUNC_PROC,2,0,1573934059087463069,341
id_140393545602880,devolverBicicleta,BEGIN_FUNC_PROC,2,0,1573934059095828163,342
id_140393545602880,devolverBicicleta,END_FUNC_PROC,3,0,1573934059095872895,343
id_140393545602880,solicitarBicicleta,BEGIN_FUNC_PROC,3,0,1573934059100982571,344
id_140393545602880,solicitarBicicleta,END_FUNC_PROC,2,0,1573934059101027917,345
id_140393545602880,solicitarBicicleta,BEGIN_FUNC_PROC,2,0,1573934059102161653,346
id_140393545602880,solicitarBicicleta,END_FUNC_PROC,1,0,1573934059102222153,347
id_140393545602880,devolverBicicleta,BEGIN_FUNC_PROC,1,0,1573934059102469750,348
id_140393545602880,devolverBicicleta,END_FUNC_PROC,1,1,1573934059102516704,349
id_140393545602880,devolverBicicleta,END_FUNC_PROC,1,1,1573934059102592407,350
id_140393545602880,solicitarBicicleta,BEGIN_FUNC_PROC,1,1,1573934059105859076,351
id_140393545602880,solicitarBicicleta,END_FUNC_PROC,0,1,1573934059105904160,352
id_140393545602880,devolverBicicleta,BEGIN_FUNC_PROC,0,1,1573934059107526647,353
id_140393545602880,devolverBicicleta,END_FUNC_PROC,0,2,1573934059107587812,354
id_140393545602880,devolverBicicleta,END_FUNC_PROC,0,2,1573934059107667836,355
id_140393545602880,devolverBicicleta,BEGIN_FUNC_PROC,0,2,1573934059116614386,356
id_140393545602880,devolverBicicleta,END_FUNC_PROC,1,2,1573934059116665506,357
id_140393545602880,devolverBicicleta,BEGIN_FUNC_PROC,1,2,1573934059119187916,358
id_140393545602880,devolverBicicleta,END_FUNC_PROC,2,2,1573934059119238650,359
id_140393545602880,devolverBicicleta,BEGIN_FUNC_PROC,2,2,1573934059121911908,360
id_140393545602880,devolverBicicleta,END_FUNC_PROC,3,2,1573934059121963115,361
id_140393545602880,devolverBicicleta,BEGIN_FUNC_PROC,3,2,1573934059125473332,362
id_140393545602880,devolverBicicleta,END_FUNC_PROC,4,2,1573934059125524064,363
id_140393545602880,solicitarBicicleta,BEGIN_FUNC_PROC,4,2,1573934059131698121,364
id_140393545602880,solicitarBicicleta,END_FUNC_PROC,3,2,1573934059131744720,365
id_140393545602880,devolverBicicleta,BEGIN_FUNC_PROC,3,2,1573934059141215598,366
id_140393545602880,devolverBicicleta,BEGIN_FUNC_PROC,3,2,1573934059149356230,367
id_140393545602880,devolverBicicleta,END_FUNC_PROC,4,2,1573934059149405908,368
id_140393545602880,solicitarBicicleta,BEGIN_FUNC_PROC,4,2,1573934059156266224,369
id_140393545602880,solicitarBicicleta,END_FUNC_PROC,3,2,1573934059156311441,370
id_140393545602880,devolverBicicleta,BEGIN_FUNC_PROC,3,2,1573934059165239663,371
id_140393545602880,devolverBicicleta,END_FUNC_PROC,3,3,1573934059165301584,372
id_140393545602880,devolverBicicleta,END_FUNC_PROC,3,3,1573934059165373130,373
id_140393545602880,solicitarBicicleta,BEGIN_FUNC_PROC,3,3,1573934059172800080,374
id_140393545602880,solicitarBicicleta,END_FUNC_PROC,2,3,1573934059172845858,375
id_140393545602880,solicitarBicicleta,BEGIN_FUNC_PROC,2,3,1573934059176740132,376
id_140393545602880,solicitarBicicleta,END_FUNC_PROC,1,3,1573934059176786221,377
id_140393545602880,solicitarBicicleta,BEGIN_FUNC_PROC,1,3,1573934059178441467,378
id_140393545602880,solicitarBicicleta,END_FUNC_PROC,0,3,1573934059178475731,379
id_140393545602880,devolverBicicleta,BEGIN_FUNC_PROC,0,3,1573934059182875648,380
id_140393545602880,devolverBicicleta,END_FUNC_PROC,1,3,1573934059182926672,381
id_140393545602880,devolverBicicleta,BEGIN_FUNC_PROC,1,3,1573934059184477362,382
id_140393545602880,devolverBicicleta,END_FUNC_PROC,2,3,1573934059184516443,383
id_140393545602880,devolverBicicleta,BEGIN_FUNC_PROC,2,3,1573934059198004777,384
id_140393545602880,devolverBicicleta,END_FUNC_PROC,3,3,1573934059198053715,385
id_140393545602880,solicitarBicicleta,BEGIN_FUNC_PROC,3,3,1573934059198785969,386
id_140393545602880,solicitarBicicleta,END_FUNC_PROC,2,3,1573934059198819053,387
id_140393545602880,devolverBicicleta,BEGIN_FUNC_PROC,2,3,1573934059233952749,388
id_140393545602880,devolverBicicleta,END_FUNC_PROC,3,3,1573934059234000153,389
id_140393545602880,solicitarBicicleta,BEGIN_FUNC_PROC,3,3,1573934059235253506,390
id_140393545602880,solicitarBicicleta,END_FUNC_PROC,2,3,1573934059235287519,391
id_140393545602880,devolverBicicleta,BEGIN_FUNC_PROC,2,3,1573934059236845765,392
id_140393545602880,devolverBicicleta,END_FUNC_PROC,3,3,1573934059236894661,393
id_140393545602880,devolverBicicleta,BEGIN_FUNC_PROC,3,3,1573934059246973504,394
id_140393545602880,devolverBicicleta,END_FUNC_PROC,4,3,1573934059247016947,395
id_140393545602880,devolverBicicleta,BEGIN_FUNC_PROC,4,3,1573934059253395649,396
id_140393545602880,devolverBicicleta,END_FUNC_PROC,5,3,1573934059253427196,397
id_140393545602880,solicitarBicicleta,BEGIN_FUNC_PROC,5,3,1573934059278112142,398
id_140393545602880,solicitarBicicleta,END_FUNC_PROC,4,3,1573934059278150752,399
id_140393545602880,devolverBicicleta,BEGIN_FUNC_PROC,4,3,1573934059306445937,400
id_140393545602880,devolverBicicleta,END_FUNC_PROC,5,3,1573934059306489687,401
id_140393545602880,main,END_FUNC_PROC,5,3,1573934059336073601,402
